<?xml version="1.0" encoding="UTF-8"?>
<testng-results skipped="0" failed="0" ignored="0" total="3" passed="3">
  <reporter-output>
  </reporter-output>
  <suite name="All Test Suite" duration-ms="148" started-at="2022-02-04T12:15:18Z" finished-at="2022-02-04T12:15:18Z">
    <groups>
    </groups>
    <test name="C:/Users/KhajeAn/IdeaProjects/Test3/src/test/java/TestSuite1/TC1.java" duration-ms="148" started-at="2022-02-04T12:15:18Z" finished-at="2022-02-04T12:15:18Z">
      <class name="TestSuite1.TC1">
        <test-method status="PASS" signature="TC1()[pri:0, instance:TestSuite1.TC1@605e0d55]" name="TC1" duration-ms="58" started-at="2022-02-04T12:15:18Z" description="This is TC1" finished-at="2022-02-04T12:15:18Z">
          <reporter-output>
          </reporter-output>
        </test-method> <!-- TC1 -->
      </class> <!-- TestSuite1.TC1 -->
      <class name="TestSuite1.TC2">
        <test-method status="PASS" signature="TC2(java.lang.String, java.lang.String)[pri:0, instance:TestSuite1.TC2@3f2ae264]" name="TC2" duration-ms="2" started-at="2022-02-04T12:15:18Z" data-provider="UserDeatils" finished-at="2022-02-04T12:15:18Z">
          <params>
            <param index="0">
              <value>
                <![CDATA[AAYAN]]>
              </value>
            </param>
            <param index="1">
              <value>
                <![CDATA[KHAJEKAR]]>
              </value>
            </param>
          </params>
          <reporter-output>
          </reporter-output>
        </test-method> <!-- TC2 -->
        <test-method status="PASS" signature="TC2(java.lang.String, java.lang.String)[pri:0, instance:TestSuite1.TC2@3f2ae264]" name="TC2" duration-ms="2" started-at="2022-02-04T12:15:18Z" data-provider="UserDeatils" finished-at="2022-02-04T12:15:18Z">
          <params>
            <param index="0">
              <value>
                <![CDATA[PAWNI]]>
              </value>
            </param>
            <param index="1">
              <value>
                <![CDATA[KHAJEKAR]]>
              </value>
            </param>
          </params>
          <reporter-output>
          </reporter-output>
        </test-method> <!-- TC2 -->
      </class> <!-- TestSuite1.TC2 -->
    </test> <!-- C:/Users/KhajeAn/IdeaProjects/Test3/src/test/java/TestSuite1/TC1.java -->
  </suite> <!-- All Test Suite -->
</testng-results>
